{"/Users/krzysztofwitalewski/training/lightswitch/src/lightswitch/index.js": {"path":"/Users/krzysztofwitalewski/training/lightswitch/src/lightswitch/index.js","statementMap":{"0":{"start":{"line":1,"column":15},"end":{"line":1,"column":39}},"1":{"start":{"line":2,"column":14},"end":{"line":2,"column":32}},"2":{"start":{"line":3,"column":14},"end":{"line":6,"column":2}},"3":{"start":{"line":7,"column":25},"end":{"line":9,"column":2}},"4":{"start":{"line":10,"column":22},"end":{"line":13,"column":2}},"5":{"start":{"line":14,"column":33},"end":{"line":18,"column":1}},"6":{"start":{"line":19,"column":21},"end":{"line":26,"column":2}},"7":{"start":{"line":27,"column":16},"end":{"line":27,"column":54}},"8":{"start":{"line":28,"column":16},"end":{"line":28,"column":54}},"9":{"start":{"line":29,"column":20},"end":{"line":33,"column":2}},"10":{"start":{"line":34,"column":23},"end":{"line":38,"column":2}},"11":{"start":{"line":39,"column":22},"end":{"line":46,"column":2}},"12":{"start":{"line":48,"column":0},"end":{"line":48,"column":48}}},"fnMap":{},"branchMap":{},"s":{"0":1,"1":1,"2":1,"3":1,"4":1,"5":1,"6":1,"7":1,"8":1,"9":1,"10":1,"11":1,"12":1},"f":{},"b":{},"_coverageSchema":"332fd63041d2c1bcb487cc26dd0d5f7d97098a6c","hash":"b021043a05c79be7851f0132a548dd15255522e8"}
,"/Users/krzysztofwitalewski/training/lightswitch/src/lightswitch/proxy/fsProxy.js": {"path":"/Users/krzysztofwitalewski/training/lightswitch/src/lightswitch/proxy/fsProxy.js","statementMap":{"0":{"start":{"line":3,"column":11},"end":{"line":3,"column":24}},"1":{"start":{"line":4,"column":11},"end":{"line":4,"column":24}},"2":{"start":{"line":5,"column":15},"end":{"line":5,"column":32}},"3":{"start":{"line":6,"column":15},"end":{"line":6,"column":32}},"4":{"start":{"line":8,"column":32},"end":{"line":22,"column":1}},"5":{"start":{"line":9,"column":2},"end":{"line":21,"column":5}},"6":{"start":{"line":10,"column":4},"end":{"line":20,"column":6}},"7":{"start":{"line":14,"column":8},"end":{"line":18,"column":9}},"8":{"start":{"line":15,"column":10},"end":{"line":15,"column":22}},"9":{"start":{"line":17,"column":10},"end":{"line":17,"column":28}},"10":{"start":{"line":24,"column":29},"end":{"line":49,"column":1}},"11":{"start":{"line":25,"column":2},"end":{"line":25,"column":63}},"12":{"start":{"line":26,"column":2},"end":{"line":48,"column":5}},"13":{"start":{"line":27,"column":4},"end":{"line":47,"column":7}},"14":{"start":{"line":28,"column":6},"end":{"line":46,"column":7}},"15":{"start":{"line":29,"column":8},"end":{"line":29,"column":20}},"16":{"start":{"line":31,"column":8},"end":{"line":45,"column":10}},"17":{"start":{"line":35,"column":12},"end":{"line":43,"column":13}},"18":{"start":{"line":36,"column":14},"end":{"line":38,"column":16}},"19":{"start":{"line":39,"column":14},"end":{"line":39,"column":26}},"20":{"start":{"line":41,"column":14},"end":{"line":41,"column":73}},"21":{"start":{"line":42,"column":14},"end":{"line":42,"column":24}},"22":{"start":{"line":51,"column":19},"end":{"line":71,"column":1}},"23":{"start":{"line":52,"column":2},"end":{"line":52,"column":51}},"24":{"start":{"line":53,"column":2},"end":{"line":70,"column":5}},"25":{"start":{"line":54,"column":4},"end":{"line":69,"column":7}},"26":{"start":{"line":55,"column":6},"end":{"line":68,"column":7}},"27":{"start":{"line":56,"column":8},"end":{"line":56,"column":53}},"28":{"start":{"line":57,"column":8},"end":{"line":57,"column":18}},"29":{"start":{"line":59,"column":8},"end":{"line":67,"column":11}},"30":{"start":{"line":60,"column":10},"end":{"line":66,"column":11}},"31":{"start":{"line":61,"column":12},"end":{"line":61,"column":72}},"32":{"start":{"line":62,"column":12},"end":{"line":62,"column":21}},"33":{"start":{"line":64,"column":12},"end":{"line":64,"column":63}},"34":{"start":{"line":65,"column":12},"end":{"line":65,"column":22}},"35":{"start":{"line":73,"column":20},"end":{"line":88,"column":1}},"36":{"start":{"line":74,"column":2},"end":{"line":74,"column":62}},"37":{"start":{"line":75,"column":2},"end":{"line":87,"column":5}},"38":{"start":{"line":76,"column":4},"end":{"line":86,"column":7}},"39":{"start":{"line":77,"column":6},"end":{"line":85,"column":7}},"40":{"start":{"line":78,"column":8},"end":{"line":78,"column":60}},"41":{"start":{"line":79,"column":8},"end":{"line":79,"column":18}},"42":{"start":{"line":81,"column":8},"end":{"line":84,"column":11}},"43":{"start":{"line":82,"column":10},"end":{"line":82,"column":80}},"44":{"start":{"line":83,"column":10},"end":{"line":83,"column":20}},"45":{"start":{"line":90,"column":30},"end":{"line":116,"column":1}},"46":{"start":{"line":91,"column":2},"end":{"line":91,"column":64}},"47":{"start":{"line":92,"column":2},"end":{"line":115,"column":5}},"48":{"start":{"line":93,"column":4},"end":{"line":114,"column":6}},"49":{"start":{"line":97,"column":8},"end":{"line":112,"column":9}},"50":{"start":{"line":98,"column":10},"end":{"line":98,"column":64}},"51":{"start":{"line":99,"column":10},"end":{"line":99,"column":20}},"52":{"start":{"line":101,"column":10},"end":{"line":111,"column":12}},"53":{"start":{"line":104,"column":14},"end":{"line":107,"column":15}},"54":{"start":{"line":105,"column":16},"end":{"line":105,"column":79}},"55":{"start":{"line":106,"column":16},"end":{"line":106,"column":25}},"56":{"start":{"line":108,"column":14},"end":{"line":108,"column":73}},"57":{"start":{"line":109,"column":14},"end":{"line":109,"column":24}},"58":{"start":{"line":118,"column":0},"end":{"line":127,"column":2}},"59":{"start":{"line":119,"column":2},"end":{"line":119,"column":23}},"60":{"start":{"line":120,"column":2},"end":{"line":126,"column":4}}},"fnMap":{"0":{"name":"(anonymous_0)","decl":{"start":{"line":8,"column":32},"end":{"line":8,"column":33}},"loc":{"start":{"line":8,"column":44},"end":{"line":22,"column":1}},"line":8},"1":{"name":"(anonymous_1)","decl":{"start":{"line":9,"column":21},"end":{"line":9,"column":22}},"loc":{"start":{"line":9,"column":42},"end":{"line":21,"column":3}},"line":9},"2":{"name":"(anonymous_2)","decl":{"start":{"line":13,"column":6},"end":{"line":13,"column":7}},"loc":{"start":{"line":13,"column":25},"end":{"line":19,"column":7}},"line":13},"3":{"name":"(anonymous_3)","decl":{"start":{"line":24,"column":29},"end":{"line":24,"column":30}},"loc":{"start":{"line":24,"column":47},"end":{"line":49,"column":1}},"line":24},"4":{"name":"(anonymous_4)","decl":{"start":{"line":26,"column":21},"end":{"line":26,"column":22}},"loc":{"start":{"line":26,"column":42},"end":{"line":48,"column":3}},"line":26},"5":{"name":"(anonymous_5)","decl":{"start":{"line":27,"column":51},"end":{"line":27,"column":52}},"loc":{"start":{"line":27,"column":58},"end":{"line":47,"column":5}},"line":27},"6":{"name":"(anonymous_6)","decl":{"start":{"line":34,"column":10},"end":{"line":34,"column":11}},"loc":{"start":{"line":34,"column":17},"end":{"line":44,"column":11}},"line":34},"7":{"name":"(anonymous_7)","decl":{"start":{"line":51,"column":19},"end":{"line":51,"column":20}},"loc":{"start":{"line":51,"column":31},"end":{"line":71,"column":1}},"line":51},"8":{"name":"(anonymous_8)","decl":{"start":{"line":53,"column":21},"end":{"line":53,"column":22}},"loc":{"start":{"line":53,"column":42},"end":{"line":70,"column":3}},"line":53},"9":{"name":"(anonymous_9)","decl":{"start":{"line":54,"column":52},"end":{"line":54,"column":53}},"loc":{"start":{"line":54,"column":59},"end":{"line":69,"column":5}},"line":54},"10":{"name":"(anonymous_10)","decl":{"start":{"line":59,"column":37},"end":{"line":59,"column":38}},"loc":{"start":{"line":59,"column":44},"end":{"line":67,"column":9}},"line":59},"11":{"name":"(anonymous_11)","decl":{"start":{"line":73,"column":20},"end":{"line":73,"column":21}},"loc":{"start":{"line":73,"column":32},"end":{"line":88,"column":1}},"line":73},"12":{"name":"(anonymous_12)","decl":{"start":{"line":75,"column":21},"end":{"line":75,"column":22}},"loc":{"start":{"line":75,"column":42},"end":{"line":87,"column":3}},"line":75},"13":{"name":"(anonymous_13)","decl":{"start":{"line":76,"column":42},"end":{"line":76,"column":43}},"loc":{"start":{"line":76,"column":49},"end":{"line":86,"column":5}},"line":76},"14":{"name":"(anonymous_14)","decl":{"start":{"line":81,"column":24},"end":{"line":81,"column":25}},"loc":{"start":{"line":81,"column":30},"end":{"line":84,"column":9}},"line":81},"15":{"name":"(anonymous_15)","decl":{"start":{"line":90,"column":30},"end":{"line":90,"column":31}},"loc":{"start":{"line":90,"column":36},"end":{"line":116,"column":1}},"line":90},"16":{"name":"(anonymous_16)","decl":{"start":{"line":92,"column":21},"end":{"line":92,"column":22}},"loc":{"start":{"line":92,"column":42},"end":{"line":115,"column":3}},"line":92},"17":{"name":"(anonymous_17)","decl":{"start":{"line":96,"column":6},"end":{"line":96,"column":7}},"loc":{"start":{"line":96,"column":13},"end":{"line":113,"column":7}},"line":96},"18":{"name":"(anonymous_18)","decl":{"start":{"line":103,"column":12},"end":{"line":103,"column":13}},"loc":{"start":{"line":103,"column":19},"end":{"line":110,"column":13}},"line":103},"19":{"name":"(anonymous_19)","decl":{"start":{"line":118,"column":17},"end":{"line":118,"column":18}},"loc":{"start":{"line":118,"column":33},"end":{"line":127,"column":1}},"line":118}},"branchMap":{"0":{"loc":{"start":{"line":14,"column":8},"end":{"line":18,"column":9}},"type":"if","locations":[{"start":{"line":14,"column":8},"end":{"line":18,"column":9}},{"start":{"line":14,"column":8},"end":{"line":18,"column":9}}],"line":14},"1":{"loc":{"start":{"line":14,"column":12},"end":{"line":14,"column":28}},"type":"binary-expr","locations":[{"start":{"line":14,"column":12},"end":{"line":14,"column":15}},{"start":{"line":14,"column":19},"end":{"line":14,"column":28}}],"line":14},"2":{"loc":{"start":{"line":28,"column":6},"end":{"line":46,"column":7}},"type":"if","locations":[{"start":{"line":28,"column":6},"end":{"line":46,"column":7}},{"start":{"line":28,"column":6},"end":{"line":46,"column":7}}],"line":28},"3":{"loc":{"start":{"line":35,"column":12},"end":{"line":43,"column":13}},"type":"if","locations":[{"start":{"line":35,"column":12},"end":{"line":43,"column":13}},{"start":{"line":35,"column":12},"end":{"line":43,"column":13}}],"line":35},"4":{"loc":{"start":{"line":55,"column":6},"end":{"line":68,"column":7}},"type":"if","locations":[{"start":{"line":55,"column":6},"end":{"line":68,"column":7}},{"start":{"line":55,"column":6},"end":{"line":68,"column":7}}],"line":55},"5":{"loc":{"start":{"line":60,"column":10},"end":{"line":66,"column":11}},"type":"if","locations":[{"start":{"line":60,"column":10},"end":{"line":66,"column":11}},{"start":{"line":60,"column":10},"end":{"line":66,"column":11}}],"line":60},"6":{"loc":{"start":{"line":77,"column":6},"end":{"line":85,"column":7}},"type":"if","locations":[{"start":{"line":77,"column":6},"end":{"line":85,"column":7}},{"start":{"line":77,"column":6},"end":{"line":85,"column":7}}],"line":77},"7":{"loc":{"start":{"line":97,"column":8},"end":{"line":112,"column":9}},"type":"if","locations":[{"start":{"line":97,"column":8},"end":{"line":112,"column":9}},{"start":{"line":97,"column":8},"end":{"line":112,"column":9}}],"line":97},"8":{"loc":{"start":{"line":104,"column":14},"end":{"line":107,"column":15}},"type":"if","locations":[{"start":{"line":104,"column":14},"end":{"line":107,"column":15}},{"start":{"line":104,"column":14},"end":{"line":107,"column":15}}],"line":104}},"s":{"0":2,"1":2,"2":2,"3":2,"4":2,"5":1,"6":1,"7":1,"8":0,"9":1,"10":2,"11":0,"12":0,"13":0,"14":0,"15":0,"16":0,"17":0,"18":0,"19":0,"20":0,"21":0,"22":2,"23":1,"24":1,"25":1,"26":1,"27":0,"28":0,"29":1,"30":1,"31":0,"32":0,"33":1,"34":1,"35":2,"36":0,"37":0,"38":0,"39":0,"40":0,"41":0,"42":0,"43":0,"44":0,"45":2,"46":1,"47":1,"48":1,"49":1,"50":0,"51":0,"52":1,"53":1,"54":0,"55":0,"56":1,"57":1,"58":2,"59":2,"60":2},"f":{"0":1,"1":1,"2":1,"3":0,"4":0,"5":0,"6":0,"7":1,"8":1,"9":1,"10":1,"11":0,"12":0,"13":0,"14":0,"15":1,"16":1,"17":1,"18":1,"19":2},"b":{"0":[0,1],"1":[1,1],"2":[0,0],"3":[0,0],"4":[0,1],"5":[0,1],"6":[0,0],"7":[0,1],"8":[0,1]},"_coverageSchema":"332fd63041d2c1bcb487cc26dd0d5f7d97098a6c","hash":"cb2df9565ef7c637cd2d392ccdc939e7586f43bc"}
,"/Users/krzysztofwitalewski/training/lightswitch/src/lightswitch/proxy/osProxy.js": {"path":"/Users/krzysztofwitalewski/training/lightswitch/src/lightswitch/proxy/osProxy.js","statementMap":{"0":{"start":{"line":3,"column":17},"end":{"line":3,"column":41}},"1":{"start":{"line":4,"column":11},"end":{"line":4,"column":24}},"2":{"start":{"line":6,"column":24},"end":{"line":23,"column":1}},"3":{"start":{"line":7,"column":2},"end":{"line":7,"column":58}},"4":{"start":{"line":8,"column":2},"end":{"line":22,"column":5}},"5":{"start":{"line":9,"column":4},"end":{"line":21,"column":6}},"6":{"start":{"line":13,"column":8},"end":{"line":19,"column":9}},"7":{"start":{"line":14,"column":10},"end":{"line":14,"column":40}},"8":{"start":{"line":15,"column":10},"end":{"line":15,"column":72}},"9":{"start":{"line":17,"column":10},"end":{"line":17,"column":63}},"10":{"start":{"line":18,"column":10},"end":{"line":18,"column":20}},"11":{"start":{"line":25,"column":26},"end":{"line":42,"column":1}},"12":{"start":{"line":26,"column":2},"end":{"line":26,"column":59}},"13":{"start":{"line":27,"column":2},"end":{"line":41,"column":5}},"14":{"start":{"line":28,"column":4},"end":{"line":40,"column":6}},"15":{"start":{"line":32,"column":8},"end":{"line":38,"column":9}},"16":{"start":{"line":33,"column":10},"end":{"line":33,"column":51}},"17":{"start":{"line":34,"column":10},"end":{"line":34,"column":40}},"18":{"start":{"line":36,"column":10},"end":{"line":36,"column":64}},"19":{"start":{"line":37,"column":10},"end":{"line":37,"column":20}},"20":{"start":{"line":44,"column":28},"end":{"line":61,"column":1}},"21":{"start":{"line":45,"column":2},"end":{"line":45,"column":70}},"22":{"start":{"line":46,"column":2},"end":{"line":60,"column":5}},"23":{"start":{"line":47,"column":4},"end":{"line":59,"column":6}},"24":{"start":{"line":51,"column":8},"end":{"line":57,"column":9}},"25":{"start":{"line":52,"column":10},"end":{"line":52,"column":66}},"26":{"start":{"line":53,"column":10},"end":{"line":53,"column":24}},"27":{"start":{"line":55,"column":10},"end":{"line":55,"column":69}},"28":{"start":{"line":56,"column":10},"end":{"line":56,"column":25}},"29":{"start":{"line":63,"column":19},"end":{"line":76,"column":1}},"30":{"start":{"line":64,"column":2},"end":{"line":75,"column":5}},"31":{"start":{"line":65,"column":4},"end":{"line":74,"column":6}},"32":{"start":{"line":69,"column":8},"end":{"line":71,"column":9}},"33":{"start":{"line":70,"column":10},"end":{"line":70,"column":19}},"34":{"start":{"line":72,"column":8},"end":{"line":72,"column":18}},"35":{"start":{"line":78,"column":22},"end":{"line":82,"column":1}},"36":{"start":{"line":79,"column":2},"end":{"line":81,"column":4}},"37":{"start":{"line":84,"column":0},"end":{"line":93,"column":2}},"38":{"start":{"line":85,"column":2},"end":{"line":85,"column":23}},"39":{"start":{"line":86,"column":2},"end":{"line":92,"column":4}}},"fnMap":{"0":{"name":"(anonymous_0)","decl":{"start":{"line":6,"column":24},"end":{"line":6,"column":25}},"loc":{"start":{"line":6,"column":36},"end":{"line":23,"column":1}},"line":6},"1":{"name":"(anonymous_1)","decl":{"start":{"line":8,"column":21},"end":{"line":8,"column":22}},"loc":{"start":{"line":8,"column":42},"end":{"line":22,"column":3}},"line":8},"2":{"name":"(anonymous_2)","decl":{"start":{"line":12,"column":6},"end":{"line":12,"column":7}},"loc":{"start":{"line":12,"column":33},"end":{"line":20,"column":7}},"line":12},"3":{"name":"(anonymous_3)","decl":{"start":{"line":25,"column":26},"end":{"line":25,"column":27}},"loc":{"start":{"line":25,"column":38},"end":{"line":42,"column":1}},"line":25},"4":{"name":"(anonymous_4)","decl":{"start":{"line":27,"column":21},"end":{"line":27,"column":22}},"loc":{"start":{"line":27,"column":42},"end":{"line":41,"column":3}},"line":27},"5":{"name":"(anonymous_5)","decl":{"start":{"line":31,"column":6},"end":{"line":31,"column":7}},"loc":{"start":{"line":31,"column":33},"end":{"line":39,"column":7}},"line":31},"6":{"name":"(anonymous_6)","decl":{"start":{"line":44,"column":28},"end":{"line":44,"column":29}},"loc":{"start":{"line":44,"column":40},"end":{"line":61,"column":1}},"line":44},"7":{"name":"(anonymous_7)","decl":{"start":{"line":46,"column":21},"end":{"line":46,"column":22}},"loc":{"start":{"line":46,"column":42},"end":{"line":60,"column":3}},"line":46},"8":{"name":"(anonymous_8)","decl":{"start":{"line":50,"column":6},"end":{"line":50,"column":7}},"loc":{"start":{"line":50,"column":33},"end":{"line":58,"column":7}},"line":50},"9":{"name":"(anonymous_9)","decl":{"start":{"line":63,"column":19},"end":{"line":63,"column":20}},"loc":{"start":{"line":63,"column":32},"end":{"line":76,"column":1}},"line":63},"10":{"name":"(anonymous_10)","decl":{"start":{"line":64,"column":21},"end":{"line":64,"column":22}},"loc":{"start":{"line":64,"column":42},"end":{"line":75,"column":3}},"line":64},"11":{"name":"(anonymous_11)","decl":{"start":{"line":68,"column":6},"end":{"line":68,"column":7}},"loc":{"start":{"line":68,"column":33},"end":{"line":73,"column":7}},"line":68},"12":{"name":"(anonymous_12)","decl":{"start":{"line":78,"column":22},"end":{"line":78,"column":23}},"loc":{"start":{"line":78,"column":31},"end":{"line":82,"column":1}},"line":78},"13":{"name":"(anonymous_13)","decl":{"start":{"line":84,"column":17},"end":{"line":84,"column":18}},"loc":{"start":{"line":84,"column":33},"end":{"line":93,"column":1}},"line":84}},"branchMap":{"0":{"loc":{"start":{"line":13,"column":8},"end":{"line":19,"column":9}},"type":"if","locations":[{"start":{"line":13,"column":8},"end":{"line":19,"column":9}},{"start":{"line":13,"column":8},"end":{"line":19,"column":9}}],"line":13},"1":{"loc":{"start":{"line":13,"column":12},"end":{"line":13,"column":37}},"type":"binary-expr","locations":[{"start":{"line":13,"column":12},"end":{"line":13,"column":17}},{"start":{"line":13,"column":21},"end":{"line":13,"column":27}},{"start":{"line":13,"column":31},"end":{"line":13,"column":37}}],"line":13},"2":{"loc":{"start":{"line":32,"column":8},"end":{"line":38,"column":9}},"type":"if","locations":[{"start":{"line":32,"column":8},"end":{"line":38,"column":9}},{"start":{"line":32,"column":8},"end":{"line":38,"column":9}}],"line":32},"3":{"loc":{"start":{"line":32,"column":12},"end":{"line":32,"column":37}},"type":"binary-expr","locations":[{"start":{"line":32,"column":12},"end":{"line":32,"column":17}},{"start":{"line":32,"column":21},"end":{"line":32,"column":27}},{"start":{"line":32,"column":31},"end":{"line":32,"column":37}}],"line":32},"4":{"loc":{"start":{"line":51,"column":8},"end":{"line":57,"column":9}},"type":"if","locations":[{"start":{"line":51,"column":8},"end":{"line":57,"column":9}},{"start":{"line":51,"column":8},"end":{"line":57,"column":9}}],"line":51},"5":{"loc":{"start":{"line":69,"column":8},"end":{"line":71,"column":9}},"type":"if","locations":[{"start":{"line":69,"column":8},"end":{"line":71,"column":9}},{"start":{"line":69,"column":8},"end":{"line":71,"column":9}}],"line":69},"6":{"loc":{"start":{"line":69,"column":12},"end":{"line":69,"column":27}},"type":"binary-expr","locations":[{"start":{"line":69,"column":12},"end":{"line":69,"column":17}},{"start":{"line":69,"column":21},"end":{"line":69,"column":27}}],"line":69}},"s":{"0":2,"1":2,"2":2,"3":0,"4":0,"5":0,"6":0,"7":0,"8":0,"9":0,"10":0,"11":2,"12":0,"13":0,"14":0,"15":0,"16":0,"17":0,"18":0,"19":0,"20":2,"21":1,"22":1,"23":1,"24":1,"25":1,"26":1,"27":0,"28":0,"29":2,"30":0,"31":0,"32":0,"33":0,"34":0,"35":2,"36":0,"37":2,"38":2,"39":2},"f":{"0":0,"1":0,"2":0,"3":0,"4":0,"5":0,"6":1,"7":1,"8":1,"9":0,"10":0,"11":0,"12":0,"13":2},"b":{"0":[0,0],"1":[0,0,0],"2":[0,0],"3":[0,0,0],"4":[1,0],"5":[0,0],"6":[0,0]},"_coverageSchema":"332fd63041d2c1bcb487cc26dd0d5f7d97098a6c","hash":"697e1fa129c4e1f43e76c4ef84663391567aebb9"}
,"/Users/krzysztofwitalewski/training/lightswitch/src/lightswitch/serviceObjects/changeTheme.js": {"path":"/Users/krzysztofwitalewski/training/lightswitch/src/lightswitch/serviceObjects/changeTheme.js","statementMap":{"0":{"start":{"line":3,"column":18},"end":{"line":3,"column":46}},"1":{"start":{"line":5,"column":20},"end":{"line":13,"column":1}},"2":{"start":{"line":6,"column":2},"end":{"line":6,"column":74}},"3":{"start":{"line":8,"column":2},"end":{"line":8,"column":38}},"4":{"start":{"line":10,"column":2},"end":{"line":10,"column":36}},"5":{"start":{"line":12,"column":2},"end":{"line":12,"column":73}},"6":{"start":{"line":15,"column":0},"end":{"line":22,"column":2}},"7":{"start":{"line":16,"column":2},"end":{"line":16,"column":45}},"8":{"start":{"line":17,"column":2},"end":{"line":17,"column":39}},"9":{"start":{"line":18,"column":2},"end":{"line":18,"column":21}},"10":{"start":{"line":19,"column":2},"end":{"line":19,"column":23}},"11":{"start":{"line":21,"column":2},"end":{"line":21,"column":21}}},"fnMap":{"0":{"name":"(anonymous_0)","decl":{"start":{"line":5,"column":20},"end":{"line":5,"column":21}},"loc":{"start":{"line":5,"column":29},"end":{"line":13,"column":1}},"line":5},"1":{"name":"(anonymous_1)","decl":{"start":{"line":15,"column":17},"end":{"line":15,"column":18}},"loc":{"start":{"line":15,"column":49},"end":{"line":22,"column":1}},"line":15}},"branchMap":{"0":{"loc":{"start":{"line":6,"column":30},"end":{"line":6,"column":64}},"type":"cond-expr","locations":[{"start":{"line":6,"column":48},"end":{"line":6,"column":54}},{"start":{"line":6,"column":57},"end":{"line":6,"column":64}}],"line":6},"1":{"loc":{"start":{"line":12,"column":29},"end":{"line":12,"column":63}},"type":"cond-expr","locations":[{"start":{"line":12,"column":47},"end":{"line":12,"column":53}},{"start":{"line":12,"column":56},"end":{"line":12,"column":63}}],"line":12}},"s":{"0":2,"1":2,"2":2,"3":2,"4":2,"5":2,"6":2,"7":3,"8":3,"9":3,"10":3,"11":3},"f":{"0":2,"1":3},"b":{"0":[1,1],"1":[1,1]},"_coverageSchema":"332fd63041d2c1bcb487cc26dd0d5f7d97098a6c","hash":"7c8bde7fa0cd38d4b56fdb401366f40fd2406ce0"}
,"/Users/krzysztofwitalewski/training/lightswitch/src/lightswitch/serviceObjects/findLocation.js": {"path":"/Users/krzysztofwitalewski/training/lightswitch/src/lightswitch/serviceObjects/findLocation.js","statementMap":{"0":{"start":{"line":3,"column":15},"end":{"line":3,"column":32}},"1":{"start":{"line":5,"column":21},"end":{"line":49,"column":1}},"2":{"start":{"line":7,"column":13},"end":{"line":7,"column":15}},"3":{"start":{"line":10,"column":2},"end":{"line":14,"column":3}},"4":{"start":{"line":11,"column":4},"end":{"line":11,"column":28}},"5":{"start":{"line":13,"column":4},"end":{"line":13,"column":27}},"6":{"start":{"line":16,"column":2},"end":{"line":20,"column":3}},"7":{"start":{"line":17,"column":4},"end":{"line":17,"column":40}},"8":{"start":{"line":19,"column":4},"end":{"line":19,"column":27}},"9":{"start":{"line":22,"column":2},"end":{"line":22,"column":52}},"10":{"start":{"line":24,"column":2},"end":{"line":30,"column":3}},"11":{"start":{"line":25,"column":4},"end":{"line":29,"column":5}},"12":{"start":{"line":26,"column":6},"end":{"line":26,"column":61}},"13":{"start":{"line":28,"column":6},"end":{"line":28,"column":29}},"14":{"start":{"line":32,"column":2},"end":{"line":38,"column":3}},"15":{"start":{"line":33,"column":4},"end":{"line":37,"column":5}},"16":{"start":{"line":34,"column":6},"end":{"line":34,"column":49}},"17":{"start":{"line":36,"column":6},"end":{"line":36,"column":16}},"18":{"start":{"line":40,"column":2},"end":{"line":42,"column":3}},"19":{"start":{"line":41,"column":4},"end":{"line":41,"column":132}},"20":{"start":{"line":44,"column":2},"end":{"line":46,"column":3}},"21":{"start":{"line":45,"column":4},"end":{"line":45,"column":47}},"22":{"start":{"line":48,"column":2},"end":{"line":48,"column":18}},"23":{"start":{"line":51,"column":27},"end":{"line":65,"column":1}},"24":{"start":{"line":52,"column":15},"end":{"line":52,"column":42}},"25":{"start":{"line":53,"column":2},"end":{"line":64,"column":22}},"26":{"start":{"line":58,"column":26},"end":{"line":58,"column":61}},"27":{"start":{"line":60,"column":35},"end":{"line":60,"column":45}},"28":{"start":{"line":67,"column":29},"end":{"line":77,"column":1}},"29":{"start":{"line":68,"column":26},"end":{"line":68,"column":56}},"30":{"start":{"line":69,"column":2},"end":{"line":69,"column":74}},"31":{"start":{"line":70,"column":17},"end":{"line":70,"column":58}},"32":{"start":{"line":72,"column":2},"end":{"line":74,"column":3}},"33":{"start":{"line":73,"column":4},"end":{"line":73,"column":77}},"34":{"start":{"line":76,"column":2},"end":{"line":76,"column":68}},"35":{"start":{"line":79,"column":29},"end":{"line":83,"column":1}},"36":{"start":{"line":80,"column":26},"end":{"line":80,"column":56}},"37":{"start":{"line":81,"column":2},"end":{"line":81,"column":54}},"38":{"start":{"line":82,"column":2},"end":{"line":82,"column":67}},"39":{"start":{"line":85,"column":0},"end":{"line":101,"column":2}},"40":{"start":{"line":93,"column":2},"end":{"line":93,"column":21}},"41":{"start":{"line":94,"column":2},"end":{"line":94,"column":37}},"42":{"start":{"line":95,"column":2},"end":{"line":95,"column":43}},"43":{"start":{"line":96,"column":2},"end":{"line":96,"column":59}},"44":{"start":{"line":97,"column":2},"end":{"line":97,"column":21}},"45":{"start":{"line":98,"column":2},"end":{"line":98,"column":23}},"46":{"start":{"line":100,"column":2},"end":{"line":100,"column":22}}},"fnMap":{"0":{"name":"(anonymous_0)","decl":{"start":{"line":5,"column":21},"end":{"line":5,"column":22}},"loc":{"start":{"line":5,"column":33},"end":{"line":49,"column":1}},"line":5},"1":{"name":"(anonymous_1)","decl":{"start":{"line":51,"column":27},"end":{"line":51,"column":28}},"loc":{"start":{"line":51,"column":43},"end":{"line":65,"column":1}},"line":51},"2":{"name":"(anonymous_2)","decl":{"start":{"line":58,"column":16},"end":{"line":58,"column":17}},"loc":{"start":{"line":58,"column":26},"end":{"line":58,"column":61}},"line":58},"3":{"name":"(anonymous_3)","decl":{"start":{"line":60,"column":15},"end":{"line":60,"column":16}},"loc":{"start":{"line":60,"column":35},"end":{"line":60,"column":45}},"line":60},"4":{"name":"(anonymous_4)","decl":{"start":{"line":67,"column":29},"end":{"line":67,"column":30}},"loc":{"start":{"line":67,"column":51},"end":{"line":77,"column":1}},"line":67},"5":{"name":"(anonymous_5)","decl":{"start":{"line":79,"column":29},"end":{"line":79,"column":30}},"loc":{"start":{"line":79,"column":61},"end":{"line":83,"column":1}},"line":79},"6":{"name":"(anonymous_6)","decl":{"start":{"line":85,"column":17},"end":{"line":85,"column":18}},"loc":{"start":{"line":92,"column":6},"end":{"line":101,"column":1}},"line":92}},"branchMap":{"0":{"loc":{"start":{"line":24,"column":2},"end":{"line":30,"column":3}},"type":"if","locations":[{"start":{"line":24,"column":2},"end":{"line":30,"column":3}},{"start":{"line":24,"column":2},"end":{"line":30,"column":3}}],"line":24},"1":{"loc":{"start":{"line":24,"column":6},"end":{"line":24,"column":32}},"type":"binary-expr","locations":[{"start":{"line":24,"column":6},"end":{"line":24,"column":15}},{"start":{"line":24,"column":19},"end":{"line":24,"column":32}}],"line":24},"2":{"loc":{"start":{"line":32,"column":2},"end":{"line":38,"column":3}},"type":"if","locations":[{"start":{"line":32,"column":2},"end":{"line":38,"column":3}},{"start":{"line":32,"column":2},"end":{"line":38,"column":3}}],"line":32},"3":{"loc":{"start":{"line":32,"column":6},"end":{"line":32,"column":21}},"type":"binary-expr","locations":[{"start":{"line":32,"column":6},"end":{"line":32,"column":15}},{"start":{"line":32,"column":19},"end":{"line":32,"column":21}}],"line":32},"4":{"loc":{"start":{"line":40,"column":2},"end":{"line":42,"column":3}},"type":"if","locations":[{"start":{"line":40,"column":2},"end":{"line":42,"column":3}},{"start":{"line":40,"column":2},"end":{"line":42,"column":3}}],"line":40},"5":{"loc":{"start":{"line":44,"column":2},"end":{"line":46,"column":3}},"type":"if","locations":[{"start":{"line":44,"column":2},"end":{"line":46,"column":3}},{"start":{"line":44,"column":2},"end":{"line":46,"column":3}}],"line":44},"6":{"loc":{"start":{"line":72,"column":2},"end":{"line":74,"column":3}},"type":"if","locations":[{"start":{"line":72,"column":2},"end":{"line":74,"column":3}},{"start":{"line":72,"column":2},"end":{"line":74,"column":3}}],"line":72},"7":{"loc":{"start":{"line":76,"column":9},"end":{"line":76,"column":67}},"type":"cond-expr","locations":[{"start":{"line":76,"column":20},"end":{"line":76,"column":55}},{"start":{"line":76,"column":58},"end":{"line":76,"column":67}}],"line":76}},"s":{"0":2,"1":2,"2":4,"3":4,"4":4,"5":0,"6":4,"7":4,"8":0,"9":4,"10":4,"11":3,"12":3,"13":2,"14":4,"15":2,"16":2,"17":1,"18":3,"19":0,"20":3,"21":2,"22":3,"23":2,"24":6,"25":6,"26":6,"27":12,"28":2,"29":4,"30":4,"31":4,"32":4,"33":1,"34":4,"35":2,"36":2,"37":2,"38":2,"39":2,"40":5,"41":5,"42":5,"43":5,"44":5,"45":5,"46":5},"f":{"0":4,"1":6,"2":6,"3":12,"4":4,"5":2,"6":5},"b":{"0":[3,1],"1":[4,3],"2":[2,2],"3":[4,2],"4":[0,3],"5":[2,1],"6":[1,3],"7":[1,3]},"_coverageSchema":"332fd63041d2c1bcb487cc26dd0d5f7d97098a6c","hash":"106a29cc11200a1b8066fe5fce0765d80050b370"}
,"/Users/krzysztofwitalewski/training/lightswitch/src/lightswitch/serviceObjects/findLocationOfIP.js": {"path":"/Users/krzysztofwitalewski/training/lightswitch/src/lightswitch/serviceObjects/findLocationOfIP.js","statementMap":{"0":{"start":{"line":3,"column":14},"end":{"line":3,"column":30}},"1":{"start":{"line":5,"column":25},"end":{"line":20,"column":1}},"2":{"start":{"line":6,"column":2},"end":{"line":6,"column":75}},"3":{"start":{"line":7,"column":2},"end":{"line":19,"column":5}},"4":{"start":{"line":8,"column":4},"end":{"line":18,"column":33}},"5":{"start":{"line":13,"column":40},"end":{"line":13,"column":44}},"6":{"start":{"line":14,"column":25},"end":{"line":14,"column":58}},"7":{"start":{"line":15,"column":8},"end":{"line":15,"column":72}},"8":{"start":{"line":16,"column":8},"end":{"line":16,"column":26}},"9":{"start":{"line":18,"column":20},"end":{"line":18,"column":31}},"10":{"start":{"line":22,"column":0},"end":{"line":25,"column":2}},"11":{"start":{"line":23,"column":2},"end":{"line":23,"column":23}},"12":{"start":{"line":24,"column":2},"end":{"line":24,"column":26}}},"fnMap":{"0":{"name":"(anonymous_0)","decl":{"start":{"line":5,"column":25},"end":{"line":5,"column":26}},"loc":{"start":{"line":5,"column":31},"end":{"line":20,"column":1}},"line":5},"1":{"name":"(anonymous_1)","decl":{"start":{"line":7,"column":21},"end":{"line":7,"column":22}},"loc":{"start":{"line":7,"column":42},"end":{"line":19,"column":3}},"line":7},"2":{"name":"(anonymous_2)","decl":{"start":{"line":12,"column":12},"end":{"line":12,"column":13}},"loc":{"start":{"line":12,"column":26},"end":{"line":17,"column":7}},"line":12},"3":{"name":"(anonymous_3)","decl":{"start":{"line":18,"column":13},"end":{"line":18,"column":14}},"loc":{"start":{"line":18,"column":20},"end":{"line":18,"column":31}},"line":18},"4":{"name":"(anonymous_4)","decl":{"start":{"line":22,"column":17},"end":{"line":22,"column":18}},"loc":{"start":{"line":22,"column":33},"end":{"line":25,"column":1}},"line":22}},"branchMap":{},"s":{"0":2,"1":2,"2":1,"3":1,"4":1,"5":1,"6":1,"7":1,"8":1,"9":0,"10":2,"11":2,"12":2},"f":{"0":1,"1":1,"2":1,"3":0,"4":2},"b":{},"_coverageSchema":"332fd63041d2c1bcb487cc26dd0d5f7d97098a6c","hash":"eb1128b732fddd58e04cedc089a6b9d0a3f0119b"}
,"/Users/krzysztofwitalewski/training/lightswitch/src/lightswitch/serviceObjects/findLocationOfWifiTowers.js": {"path":"/Users/krzysztofwitalewski/training/lightswitch/src/lightswitch/serviceObjects/findLocationOfWifiTowers.js","statementMap":{"0":{"start":{"line":3,"column":14},"end":{"line":3,"column":30}},"1":{"start":{"line":5,"column":33},"end":{"line":30,"column":1}},"2":{"start":{"line":6,"column":2},"end":{"line":6,"column":77}},"3":{"start":{"line":7,"column":2},"end":{"line":29,"column":5}},"4":{"start":{"line":8,"column":4},"end":{"line":28,"column":33}},"5":{"start":{"line":23,"column":12},"end":{"line":23,"column":16}},"6":{"start":{"line":24,"column":25},"end":{"line":24,"column":37}},"7":{"start":{"line":25,"column":8},"end":{"line":25,"column":72}},"8":{"start":{"line":26,"column":8},"end":{"line":26,"column":26}},"9":{"start":{"line":28,"column":20},"end":{"line":28,"column":31}},"10":{"start":{"line":32,"column":0},"end":{"line":35,"column":2}},"11":{"start":{"line":33,"column":2},"end":{"line":33,"column":23}},"12":{"start":{"line":34,"column":2},"end":{"line":34,"column":34}}},"fnMap":{"0":{"name":"(anonymous_0)","decl":{"start":{"line":5,"column":33},"end":{"line":5,"column":34}},"loc":{"start":{"line":5,"column":43},"end":{"line":30,"column":1}},"line":5},"1":{"name":"(anonymous_1)","decl":{"start":{"line":7,"column":21},"end":{"line":7,"column":22}},"loc":{"start":{"line":7,"column":42},"end":{"line":29,"column":3}},"line":7},"2":{"name":"(anonymous_2)","decl":{"start":{"line":20,"column":12},"end":{"line":20,"column":13}},"loc":{"start":{"line":20,"column":26},"end":{"line":27,"column":7}},"line":20},"3":{"name":"(anonymous_3)","decl":{"start":{"line":28,"column":13},"end":{"line":28,"column":14}},"loc":{"start":{"line":28,"column":20},"end":{"line":28,"column":31}},"line":28},"4":{"name":"(anonymous_4)","decl":{"start":{"line":32,"column":17},"end":{"line":32,"column":18}},"loc":{"start":{"line":32,"column":33},"end":{"line":35,"column":1}},"line":32}},"branchMap":{},"s":{"0":2,"1":2,"2":1,"3":1,"4":1,"5":1,"6":1,"7":1,"8":1,"9":0,"10":2,"11":2,"12":2},"f":{"0":1,"1":1,"2":1,"3":0,"4":2},"b":{},"_coverageSchema":"332fd63041d2c1bcb487cc26dd0d5f7d97098a6c","hash":"6185f9ed2ca6191919cd6ffb046c869db46a134d"}
,"/Users/krzysztofwitalewski/training/lightswitch/src/lightswitch/serviceObjects/getIP.js": {"path":"/Users/krzysztofwitalewski/training/lightswitch/src/lightswitch/serviceObjects/getIP.js","statementMap":{"0":{"start":{"line":3,"column":14},"end":{"line":14,"column":1}},"1":{"start":{"line":4,"column":2},"end":{"line":4,"column":44}},"2":{"start":{"line":5,"column":2},"end":{"line":13,"column":5}},"3":{"start":{"line":6,"column":4},"end":{"line":12,"column":33}},"4":{"start":{"line":9,"column":8},"end":{"line":9,"column":45}},"5":{"start":{"line":10,"column":8},"end":{"line":10,"column":20}},"6":{"start":{"line":12,"column":20},"end":{"line":12,"column":31}},"7":{"start":{"line":16,"column":0},"end":{"line":20,"column":1}},"8":{"start":{"line":17,"column":2},"end":{"line":17,"column":27}},"9":{"start":{"line":18,"column":2},"end":{"line":18,"column":23}},"10":{"start":{"line":19,"column":2},"end":{"line":19,"column":15}}},"fnMap":{"0":{"name":"(anonymous_0)","decl":{"start":{"line":3,"column":14},"end":{"line":3,"column":15}},"loc":{"start":{"line":3,"column":20},"end":{"line":14,"column":1}},"line":3},"1":{"name":"(anonymous_1)","decl":{"start":{"line":5,"column":21},"end":{"line":5,"column":22}},"loc":{"start":{"line":5,"column":42},"end":{"line":13,"column":3}},"line":5},"2":{"name":"(anonymous_2)","decl":{"start":{"line":8,"column":12},"end":{"line":8,"column":13}},"loc":{"start":{"line":8,"column":18},"end":{"line":11,"column":7}},"line":8},"3":{"name":"(anonymous_3)","decl":{"start":{"line":12,"column":13},"end":{"line":12,"column":14}},"loc":{"start":{"line":12,"column":20},"end":{"line":12,"column":31}},"line":12},"4":{"name":"(anonymous_4)","decl":{"start":{"line":16,"column":17},"end":{"line":16,"column":18}},"loc":{"start":{"line":16,"column":41},"end":{"line":20,"column":1}},"line":16}},"branchMap":{},"s":{"0":2,"1":2,"2":2,"3":2,"4":1,"5":1,"6":1,"7":2,"8":3,"9":3,"10":3},"f":{"0":2,"1":2,"2":1,"3":1,"4":3},"b":{},"_coverageSchema":"332fd63041d2c1bcb487cc26dd0d5f7d97098a6c","hash":"2ab327e4f0f371cec923dd43427699b555822a08"}
,"/Users/krzysztofwitalewski/training/lightswitch/src/lightswitch/serviceObjects/getWifiTowers.js": {"path":"/Users/krzysztofwitalewski/training/lightswitch/src/lightswitch/serviceObjects/getWifiTowers.js","statementMap":{"0":{"start":{"line":3,"column":22},"end":{"line":19,"column":1}},"1":{"start":{"line":4,"column":2},"end":{"line":4,"column":49}},"2":{"start":{"line":5,"column":2},"end":{"line":18,"column":5}},"3":{"start":{"line":6,"column":4},"end":{"line":17,"column":7}},"4":{"start":{"line":7,"column":6},"end":{"line":16,"column":7}},"5":{"start":{"line":8,"column":8},"end":{"line":8,"column":20}},"6":{"start":{"line":10,"column":8},"end":{"line":10,"column":64}},"7":{"start":{"line":11,"column":8},"end":{"line":15,"column":10}},"8":{"start":{"line":13,"column":12},"end":{"line":13,"column":76}},"9":{"start":{"line":21,"column":0},"end":{"line":26,"column":2}},"10":{"start":{"line":22,"column":2},"end":{"line":22,"column":33}},"11":{"start":{"line":23,"column":2},"end":{"line":23,"column":23}},"12":{"start":{"line":25,"column":2},"end":{"line":25,"column":23}}},"fnMap":{"0":{"name":"(anonymous_0)","decl":{"start":{"line":3,"column":22},"end":{"line":3,"column":23}},"loc":{"start":{"line":3,"column":28},"end":{"line":19,"column":1}},"line":3},"1":{"name":"(anonymous_1)","decl":{"start":{"line":5,"column":21},"end":{"line":5,"column":22}},"loc":{"start":{"line":5,"column":42},"end":{"line":18,"column":3}},"line":5},"2":{"name":"(anonymous_2)","decl":{"start":{"line":6,"column":26},"end":{"line":6,"column":27}},"loc":{"start":{"line":6,"column":43},"end":{"line":17,"column":5}},"line":6},"3":{"name":"(anonymous_3)","decl":{"start":{"line":12,"column":21},"end":{"line":12,"column":22}},"loc":{"start":{"line":12,"column":26},"end":{"line":14,"column":11}},"line":12},"4":{"name":"(anonymous_4)","decl":{"start":{"line":21,"column":17},"end":{"line":21,"column":18}},"loc":{"start":{"line":21,"column":44},"end":{"line":26,"column":1}},"line":21}},"branchMap":{"0":{"loc":{"start":{"line":7,"column":6},"end":{"line":16,"column":7}},"type":"if","locations":[{"start":{"line":7,"column":6},"end":{"line":16,"column":7}},{"start":{"line":7,"column":6},"end":{"line":16,"column":7}}],"line":7}},"s":{"0":2,"1":2,"2":2,"3":2,"4":2,"5":1,"6":1,"7":1,"8":2,"9":2,"10":3,"11":3,"12":3},"f":{"0":2,"1":2,"2":2,"3":2,"4":3},"b":{"0":[1,1]},"_coverageSchema":"332fd63041d2c1bcb487cc26dd0d5f7d97098a6c","hash":"0a6f1049fe25c85c5acc176e789b3ad0b1155033"}
,"/Users/krzysztofwitalewski/training/lightswitch/src/lightswitch/serviceObjects/performUpdate.js": {"path":"/Users/krzysztofwitalewski/training/lightswitch/src/lightswitch/serviceObjects/performUpdate.js","statementMap":{"0":{"start":{"line":3,"column":16},"end":{"line":3,"column":34}},"1":{"start":{"line":5,"column":38},"end":{"line":5,"column":66}},"2":{"start":{"line":7,"column":22},"end":{"line":58,"column":1}},"3":{"start":{"line":8,"column":2},"end":{"line":8,"column":40}},"4":{"start":{"line":9,"column":22},"end":{"line":9,"column":32}},"5":{"start":{"line":10,"column":2},"end":{"line":10,"column":39}},"6":{"start":{"line":12,"column":19},"end":{"line":12,"column":49}},"7":{"start":{"line":14,"column":34},"end":{"line":14,"column":42}},"8":{"start":{"line":15,"column":21},"end":{"line":15,"column":29}},"9":{"start":{"line":17,"column":2},"end":{"line":23,"column":3}},"10":{"start":{"line":18,"column":4},"end":{"line":22,"column":5}},"11":{"start":{"line":19,"column":6},"end":{"line":19,"column":43}},"12":{"start":{"line":21,"column":6},"end":{"line":21,"column":29}},"13":{"start":{"line":25,"column":2},"end":{"line":57,"column":3}},"14":{"start":{"line":26,"column":30},"end":{"line":30,"column":5}},"15":{"start":{"line":32,"column":4},"end":{"line":36,"column":7}},"16":{"start":{"line":38,"column":4},"end":{"line":38,"column":69}},"17":{"start":{"line":39,"column":4},"end":{"line":39,"column":44}},"18":{"start":{"line":40,"column":4},"end":{"line":40,"column":42}},"19":{"start":{"line":42,"column":16},"end":{"line":42,"column":26}},"20":{"start":{"line":43,"column":4},"end":{"line":49,"column":5}},"21":{"start":{"line":44,"column":6},"end":{"line":44,"column":30}},"22":{"start":{"line":45,"column":6},"end":{"line":45,"column":35}},"23":{"start":{"line":47,"column":6},"end":{"line":47,"column":28}},"24":{"start":{"line":48,"column":6},"end":{"line":48,"column":34}},"25":{"start":{"line":52,"column":4},"end":{"line":52,"column":67}},"26":{"start":{"line":54,"column":23},"end":{"line":54,"column":59}},"27":{"start":{"line":55,"column":4},"end":{"line":55,"column":75}},"28":{"start":{"line":56,"column":4},"end":{"line":56,"column":36}},"29":{"start":{"line":60,"column":0},"end":{"line":76,"column":2}},"30":{"start":{"line":68,"column":2},"end":{"line":68,"column":21}},"31":{"start":{"line":69,"column":2},"end":{"line":69,"column":35}},"32":{"start":{"line":70,"column":2},"end":{"line":70,"column":33}},"33":{"start":{"line":71,"column":2},"end":{"line":71,"column":39}},"34":{"start":{"line":72,"column":2},"end":{"line":72,"column":39}},"35":{"start":{"line":73,"column":2},"end":{"line":73,"column":23}},"36":{"start":{"line":75,"column":2},"end":{"line":75,"column":23}}},"fnMap":{"0":{"name":"(anonymous_0)","decl":{"start":{"line":7,"column":22},"end":{"line":7,"column":23}},"loc":{"start":{"line":7,"column":34},"end":{"line":58,"column":1}},"line":7},"1":{"name":"(anonymous_1)","decl":{"start":{"line":60,"column":17},"end":{"line":60,"column":18}},"loc":{"start":{"line":67,"column":6},"end":{"line":76,"column":1}},"line":67}},"branchMap":{"0":{"loc":{"start":{"line":17,"column":2},"end":{"line":23,"column":3}},"type":"if","locations":[{"start":{"line":17,"column":2},"end":{"line":23,"column":3}},{"start":{"line":17,"column":2},"end":{"line":23,"column":3}}],"line":17},"1":{"loc":{"start":{"line":25,"column":2},"end":{"line":57,"column":3}},"type":"if","locations":[{"start":{"line":25,"column":2},"end":{"line":57,"column":3}},{"start":{"line":25,"column":2},"end":{"line":57,"column":3}}],"line":25},"2":{"loc":{"start":{"line":43,"column":4},"end":{"line":49,"column":5}},"type":"if","locations":[{"start":{"line":43,"column":4},"end":{"line":49,"column":5}},{"start":{"line":43,"column":4},"end":{"line":49,"column":5}}],"line":43},"3":{"loc":{"start":{"line":43,"column":8},"end":{"line":43,"column":37}},"type":"binary-expr","locations":[{"start":{"line":43,"column":8},"end":{"line":43,"column":21}},{"start":{"line":43,"column":25},"end":{"line":43,"column":37}}],"line":43}},"s":{"0":2,"1":2,"2":2,"3":6,"4":6,"5":6,"6":6,"7":6,"8":6,"9":6,"10":3,"11":3,"12":0,"13":6,"14":6,"15":6,"16":6,"17":6,"18":6,"19":6,"20":6,"21":4,"22":4,"23":2,"24":2,"25":6,"26":0,"27":0,"28":0,"29":2,"30":7,"31":7,"32":7,"33":7,"34":7,"35":7,"36":7},"f":{"0":6,"1":7},"b":{"0":[3,3],"1":[6,0],"2":[4,2],"3":[6,4]},"_coverageSchema":"332fd63041d2c1bcb487cc26dd0d5f7d97098a6c","hash":"5f44bf11cf0c3d4beab4f97db7354d8db0f821f8"}
,"/Users/krzysztofwitalewski/training/lightswitch/src/lightswitch/serviceObjects/scheduleUpdate.js": {"path":"/Users/krzysztofwitalewski/training/lightswitch/src/lightswitch/serviceObjects/scheduleUpdate.js","statementMap":{"0":{"start":{"line":7,"column":4},"end":{"line":7,"column":32}},"1":{"start":{"line":9,"column":23},"end":{"line":50,"column":1}},"2":{"start":{"line":10,"column":18},"end":{"line":10,"column":35}},"3":{"start":{"line":11,"column":16},"end":{"line":11,"column":31}},"4":{"start":{"line":12,"column":2},"end":{"line":12,"column":68}},"5":{"start":{"line":14,"column":28},"end":{"line":14,"column":60}},"6":{"start":{"line":15,"column":2},"end":{"line":18,"column":3}},"7":{"start":{"line":16,"column":4},"end":{"line":16,"column":35}},"8":{"start":{"line":17,"column":4},"end":{"line":17,"column":39}},"9":{"start":{"line":20,"column":2},"end":{"line":49,"column":5}},"10":{"start":{"line":21,"column":4},"end":{"line":48,"column":9}},"11":{"start":{"line":23,"column":8},"end":{"line":43,"column":13}},"12":{"start":{"line":30,"column":12},"end":{"line":38,"column":17}},"13":{"start":{"line":32,"column":16},"end":{"line":32,"column":66}},"14":{"start":{"line":33,"column":16},"end":{"line":33,"column":26}},"15":{"start":{"line":36,"column":16},"end":{"line":36,"column":64}},"16":{"start":{"line":37,"column":16},"end":{"line":37,"column":28}},"17":{"start":{"line":41,"column":12},"end":{"line":41,"column":60}},"18":{"start":{"line":42,"column":12},"end":{"line":42,"column":24}},"19":{"start":{"line":46,"column":8},"end":{"line":46,"column":56}},"20":{"start":{"line":47,"column":8},"end":{"line":47,"column":20}},"21":{"start":{"line":52,"column":0},"end":{"line":61,"column":2}},"22":{"start":{"line":53,"column":2},"end":{"line":53,"column":49}},"23":{"start":{"line":54,"column":2},"end":{"line":54,"column":57}},"24":{"start":{"line":55,"column":2},"end":{"line":55,"column":53}},"25":{"start":{"line":56,"column":2},"end":{"line":56,"column":65}},"26":{"start":{"line":57,"column":2},"end":{"line":57,"column":59}},"27":{"start":{"line":58,"column":2},"end":{"line":58,"column":61}},"28":{"start":{"line":59,"column":2},"end":{"line":59,"column":23}},"29":{"start":{"line":60,"column":2},"end":{"line":60,"column":24}}},"fnMap":{"0":{"name":"(anonymous_0)","decl":{"start":{"line":9,"column":23},"end":{"line":9,"column":24}},"loc":{"start":{"line":9,"column":37},"end":{"line":50,"column":1}},"line":9},"1":{"name":"(anonymous_1)","decl":{"start":{"line":20,"column":21},"end":{"line":20,"column":22}},"loc":{"start":{"line":20,"column":42},"end":{"line":49,"column":3}},"line":20},"2":{"name":"(anonymous_2)","decl":{"start":{"line":22,"column":12},"end":{"line":22,"column":13}},"loc":{"start":{"line":22,"column":24},"end":{"line":44,"column":7}},"line":22},"3":{"name":"(anonymous_3)","decl":{"start":{"line":29,"column":16},"end":{"line":29,"column":17}},"loc":{"start":{"line":29,"column":22},"end":{"line":39,"column":11}},"line":29},"4":{"name":"(anonymous_4)","decl":{"start":{"line":31,"column":20},"end":{"line":31,"column":21}},"loc":{"start":{"line":31,"column":26},"end":{"line":34,"column":15}},"line":31},"5":{"name":"(anonymous_5)","decl":{"start":{"line":35,"column":21},"end":{"line":35,"column":22}},"loc":{"start":{"line":35,"column":28},"end":{"line":38,"column":15}},"line":35},"6":{"name":"(anonymous_6)","decl":{"start":{"line":40,"column":17},"end":{"line":40,"column":18}},"loc":{"start":{"line":40,"column":24},"end":{"line":43,"column":11}},"line":40},"7":{"name":"(anonymous_7)","decl":{"start":{"line":45,"column":13},"end":{"line":45,"column":14}},"loc":{"start":{"line":45,"column":20},"end":{"line":48,"column":7}},"line":45},"8":{"name":"(anonymous_8)","decl":{"start":{"line":52,"column":17},"end":{"line":52,"column":18}},"loc":{"start":{"line":52,"column":51},"end":{"line":61,"column":1}},"line":52}},"branchMap":{"0":{"loc":{"start":{"line":15,"column":2},"end":{"line":18,"column":3}},"type":"if","locations":[{"start":{"line":15,"column":2},"end":{"line":18,"column":3}},{"start":{"line":15,"column":2},"end":{"line":18,"column":3}}],"line":15}},"s":{"0":2,"1":2,"2":1,"3":1,"4":1,"5":1,"6":1,"7":0,"8":0,"9":1,"10":1,"11":1,"12":1,"13":1,"14":1,"15":0,"16":0,"17":0,"18":0,"19":0,"20":0,"21":2,"22":2,"23":2,"24":2,"25":2,"26":2,"27":2,"28":2,"29":2},"f":{"0":1,"1":1,"2":1,"3":1,"4":1,"5":0,"6":0,"7":0,"8":2},"b":{"0":[0,1]},"_coverageSchema":"332fd63041d2c1bcb487cc26dd0d5f7d97098a6c","hash":"7306ba80cdbc74bb1ce1f134d7c39eb87a277dd0"}
,"/Users/krzysztofwitalewski/training/lightswitch/src/lightswitch/state/index.js": {"path":"/Users/krzysztofwitalewski/training/lightswitch/src/lightswitch/state/index.js","statementMap":{"0":{"start":{"line":3,"column":20},"end":{"line":3,"column":43}},"1":{"start":{"line":7,"column":4},"end":{"line":7,"column":32}},"2":{"start":{"line":9,"column":14},"end":{"line":9,"column":50}},"3":{"start":{"line":10,"column":23},"end":{"line":10,"column":28}},"4":{"start":{"line":12,"column":31},"end":{"line":17,"column":1}},"5":{"start":{"line":13,"column":2},"end":{"line":16,"column":3}},"6":{"start":{"line":14,"column":4},"end":{"line":14,"column":23}},"7":{"start":{"line":15,"column":4},"end":{"line":15,"column":28}},"8":{"start":{"line":19,"column":16},"end":{"line":22,"column":1}},"9":{"start":{"line":20,"column":2},"end":{"line":20,"column":33}},"10":{"start":{"line":21,"column":2},"end":{"line":21,"column":32}},"11":{"start":{"line":24,"column":16},"end":{"line":27,"column":1}},"12":{"start":{"line":25,"column":2},"end":{"line":25,"column":33}},"13":{"start":{"line":26,"column":2},"end":{"line":26,"column":32}},"14":{"start":{"line":29,"column":20},"end":{"line":36,"column":1}},"15":{"start":{"line":30,"column":2},"end":{"line":30,"column":33}},"16":{"start":{"line":31,"column":19},"end":{"line":31,"column":65}},"17":{"start":{"line":32,"column":2},"end":{"line":34,"column":3}},"18":{"start":{"line":33,"column":4},"end":{"line":33,"column":20}},"19":{"start":{"line":35,"column":2},"end":{"line":35,"column":27}},"20":{"start":{"line":38,"column":20},"end":{"line":46,"column":1}},"21":{"start":{"line":39,"column":2},"end":{"line":39,"column":33}},"22":{"start":{"line":40,"column":19},"end":{"line":40,"column":65}},"23":{"start":{"line":41,"column":2},"end":{"line":41,"column":46}},"24":{"start":{"line":42,"column":2},"end":{"line":45,"column":5}},"25":{"start":{"line":48,"column":0},"end":{"line":48,"column":64}}},"fnMap":{"0":{"name":"(anonymous_0)","decl":{"start":{"line":12,"column":31},"end":{"line":12,"column":32}},"loc":{"start":{"line":12,"column":43},"end":{"line":17,"column":1}},"line":12},"1":{"name":"(anonymous_1)","decl":{"start":{"line":19,"column":16},"end":{"line":19,"column":17}},"loc":{"start":{"line":19,"column":35},"end":{"line":22,"column":1}},"line":19},"2":{"name":"(anonymous_2)","decl":{"start":{"line":24,"column":16},"end":{"line":24,"column":17}},"loc":{"start":{"line":24,"column":35},"end":{"line":27,"column":1}},"line":24},"3":{"name":"(anonymous_3)","decl":{"start":{"line":29,"column":20},"end":{"line":29,"column":21}},"loc":{"start":{"line":29,"column":32},"end":{"line":36,"column":1}},"line":29},"4":{"name":"(anonymous_4)","decl":{"start":{"line":38,"column":20},"end":{"line":38,"column":21}},"loc":{"start":{"line":38,"column":42},"end":{"line":46,"column":1}},"line":38}},"branchMap":{"0":{"loc":{"start":{"line":13,"column":2},"end":{"line":16,"column":3}},"type":"if","locations":[{"start":{"line":13,"column":2},"end":{"line":16,"column":3}},{"start":{"line":13,"column":2},"end":{"line":16,"column":3}}],"line":13},"1":{"loc":{"start":{"line":32,"column":2},"end":{"line":34,"column":3}},"type":"if","locations":[{"start":{"line":32,"column":2},"end":{"line":34,"column":3}},{"start":{"line":32,"column":2},"end":{"line":34,"column":3}}],"line":32}},"s":{"0":2,"1":2,"2":2,"3":2,"4":2,"5":2,"6":2,"7":0,"8":2,"9":1,"10":0,"11":2,"12":0,"13":0,"14":2,"15":1,"16":0,"17":0,"18":0,"19":0,"20":2,"21":0,"22":0,"23":0,"24":0,"25":2},"f":{"0":2,"1":1,"2":0,"3":1,"4":0},"b":{"0":[2,0],"1":[0,0]},"_coverageSchema":"332fd63041d2c1bcb487cc26dd0d5f7d97098a6c","hash":"13e8de2ea425d70673e92def0d263c9fbdbdf0ad"}
,"/Users/krzysztofwitalewski/training/lightswitch/src/lightswitch/util/constants.js": {"path":"/Users/krzysztofwitalewski/training/lightswitch/src/lightswitch/util/constants.js","statementMap":{"0":{"start":{"line":1,"column":22},"end":{"line":1,"column":36}},"1":{"start":{"line":3,"column":14},"end":{"line":3,"column":21}},"2":{"start":{"line":4,"column":12},"end":{"line":4,"column":17}},"3":{"start":{"line":6,"column":34},"end":{"line":6,"column":55}},"4":{"start":{"line":8,"column":42},"end":{"line":8,"column":62}},"5":{"start":{"line":9,"column":34},"end":{"line":9,"column":46}},"6":{"start":{"line":10,"column":32},"end":{"line":10,"column":42}},"7":{"start":{"line":12,"column":26},"end":{"line":19,"column":1}},"8":{"start":{"line":21,"column":0},"end":{"line":30,"column":2}}},"fnMap":{},"branchMap":{},"s":{"0":5,"1":5,"2":5,"3":5,"4":5,"5":5,"6":5,"7":5,"8":5},"f":{},"b":{},"_coverageSchema":"332fd63041d2c1bcb487cc26dd0d5f7d97098a6c","hash":"527814c1dc44b9631136a78ca794c1cec561d6fe"}
,"/Users/krzysztofwitalewski/training/lightswitch/src/lightswitch/util/logger.js": {"path":"/Users/krzysztofwitalewski/training/lightswitch/src/lightswitch/util/logger.js","statementMap":{"0":{"start":{"line":1,"column":16},"end":{"line":1,"column":34}},"1":{"start":{"line":3,"column":15},"end":{"line":17,"column":4}},"2":{"start":{"line":10,"column":16},"end":{"line":10,"column":66}},"3":{"start":{"line":19,"column":0},"end":{"line":19,"column":24}}},"fnMap":{"0":{"name":"(anonymous_0)","decl":{"start":{"line":10,"column":8},"end":{"line":10,"column":9}},"loc":{"start":{"line":10,"column":16},"end":{"line":10,"column":66}},"line":10}},"branchMap":{},"s":{"0":12,"1":12,"2":0,"3":12},"f":{"0":0},"b":{},"_coverageSchema":"332fd63041d2c1bcb487cc26dd0d5f7d97098a6c","hash":"1de385d8aecca3851acaaca51f791e047f7ee8d7"}
}
