TN:
SF:/Users/krzysztofwitalewski/training/lightswitch/src/lightswitch/index.js
FNF:0
FNH:0
DA:1,1
DA:2,1
DA:3,1
DA:7,1
DA:10,1
DA:14,1
DA:19,1
DA:27,1
DA:28,1
DA:29,1
DA:34,1
DA:39,1
DA:48,1
LF:13
LH:13
BRF:0
BRH:0
end_of_record
TN:
SF:/Users/krzysztofwitalewski/training/lightswitch/src/lightswitch/proxy/fsProxy.js
FN:8,(anonymous_0)
FN:9,(anonymous_1)
FN:13,(anonymous_2)
FN:24,(anonymous_3)
FN:26,(anonymous_4)
FN:27,(anonymous_5)
FN:34,(anonymous_6)
FN:51,(anonymous_7)
FN:53,(anonymous_8)
FN:54,(anonymous_9)
FN:59,(anonymous_10)
FN:73,(anonymous_11)
FN:75,(anonymous_12)
FN:76,(anonymous_13)
FN:81,(anonymous_14)
FN:90,(anonymous_15)
FN:92,(anonymous_16)
FN:96,(anonymous_17)
FN:103,(anonymous_18)
FN:118,(anonymous_19)
FNF:20
FNH:12
FNDA:1,(anonymous_0)
FNDA:1,(anonymous_1)
FNDA:1,(anonymous_2)
FNDA:0,(anonymous_3)
FNDA:0,(anonymous_4)
FNDA:0,(anonymous_5)
FNDA:0,(anonymous_6)
FNDA:1,(anonymous_7)
FNDA:1,(anonymous_8)
FNDA:1,(anonymous_9)
FNDA:1,(anonymous_10)
FNDA:0,(anonymous_11)
FNDA:0,(anonymous_12)
FNDA:0,(anonymous_13)
FNDA:0,(anonymous_14)
FNDA:1,(anonymous_15)
FNDA:1,(anonymous_16)
FNDA:1,(anonymous_17)
FNDA:1,(anonymous_18)
FNDA:2,(anonymous_19)
DA:3,2
DA:4,2
DA:5,2
DA:6,2
DA:8,2
DA:9,1
DA:10,1
DA:14,1
DA:15,0
DA:17,1
DA:24,2
DA:25,0
DA:26,0
DA:27,0
DA:28,0
DA:29,0
DA:31,0
DA:35,0
DA:36,0
DA:39,0
DA:41,0
DA:42,0
DA:51,2
DA:52,1
DA:53,1
DA:54,1
DA:55,1
DA:56,0
DA:57,0
DA:59,1
DA:60,1
DA:61,0
DA:62,0
DA:64,1
DA:65,1
DA:73,2
DA:74,0
DA:75,0
DA:76,0
DA:77,0
DA:78,0
DA:79,0
DA:81,0
DA:82,0
DA:83,0
DA:90,2
DA:91,1
DA:92,1
DA:93,1
DA:97,1
DA:98,0
DA:99,0
DA:101,1
DA:104,1
DA:105,0
DA:106,0
DA:108,1
DA:109,1
DA:118,2
DA:119,2
DA:120,2
LF:61
LH:32
BRDA:14,0,0,0
BRDA:14,0,1,1
BRDA:14,1,0,1
BRDA:14,1,1,1
BRDA:28,2,0,0
BRDA:28,2,1,0
BRDA:35,3,0,0
BRDA:35,3,1,0
BRDA:55,4,0,0
BRDA:55,4,1,1
BRDA:60,5,0,0
BRDA:60,5,1,1
BRDA:77,6,0,0
BRDA:77,6,1,0
BRDA:97,7,0,0
BRDA:97,7,1,1
BRDA:104,8,0,0
BRDA:104,8,1,1
BRF:18
BRH:7
end_of_record
TN:
SF:/Users/krzysztofwitalewski/training/lightswitch/src/lightswitch/proxy/osProxy.js
FN:6,(anonymous_0)
FN:8,(anonymous_1)
FN:12,(anonymous_2)
FN:25,(anonymous_3)
FN:27,(anonymous_4)
FN:31,(anonymous_5)
FN:44,(anonymous_6)
FN:46,(anonymous_7)
FN:50,(anonymous_8)
FN:63,(anonymous_9)
FN:64,(anonymous_10)
FN:68,(anonymous_11)
FN:78,(anonymous_12)
FN:84,(anonymous_13)
FNF:14
FNH:4
FNDA:0,(anonymous_0)
FNDA:0,(anonymous_1)
FNDA:0,(anonymous_2)
FNDA:0,(anonymous_3)
FNDA:0,(anonymous_4)
FNDA:0,(anonymous_5)
FNDA:1,(anonymous_6)
FNDA:1,(anonymous_7)
FNDA:1,(anonymous_8)
FNDA:0,(anonymous_9)
FNDA:0,(anonymous_10)
FNDA:0,(anonymous_11)
FNDA:0,(anonymous_12)
FNDA:2,(anonymous_13)
DA:3,2
DA:4,2
DA:6,2
DA:7,0
DA:8,0
DA:9,0
DA:13,0
DA:14,0
DA:15,0
DA:17,0
DA:18,0
DA:25,2
DA:26,0
DA:27,0
DA:28,0
DA:32,0
DA:33,0
DA:34,0
DA:36,0
DA:37,0
DA:44,2
DA:45,1
DA:46,1
DA:47,1
DA:51,1
DA:52,1
DA:53,1
DA:55,0
DA:56,0
DA:63,2
DA:64,0
DA:65,0
DA:69,0
DA:70,0
DA:72,0
DA:78,2
DA:79,0
DA:84,2
DA:85,2
DA:86,2
LF:40
LH:16
BRDA:13,0,0,0
BRDA:13,0,1,0
BRDA:13,1,0,0
BRDA:13,1,1,0
BRDA:13,1,2,0
BRDA:32,2,0,0
BRDA:32,2,1,0
BRDA:32,3,0,0
BRDA:32,3,1,0
BRDA:32,3,2,0
BRDA:51,4,0,1
BRDA:51,4,1,0
BRDA:69,5,0,0
BRDA:69,5,1,0
BRDA:69,6,0,0
BRDA:69,6,1,0
BRF:16
BRH:1
end_of_record
TN:
SF:/Users/krzysztofwitalewski/training/lightswitch/src/lightswitch/serviceObjects/changeTheme.js
FN:5,(anonymous_0)
FN:15,(anonymous_1)
FNF:2
FNH:2
FNDA:2,(anonymous_0)
FNDA:3,(anonymous_1)
DA:3,2
DA:5,2
DA:6,2
DA:8,2
DA:10,2
DA:12,2
DA:15,2
DA:16,3
DA:17,3
DA:18,3
DA:19,3
DA:21,3
LF:12
LH:12
BRDA:6,0,0,1
BRDA:6,0,1,1
BRDA:12,1,0,1
BRDA:12,1,1,1
BRF:4
BRH:4
end_of_record
TN:
SF:/Users/krzysztofwitalewski/training/lightswitch/src/lightswitch/serviceObjects/findLocation.js
FN:5,(anonymous_0)
FN:51,(anonymous_1)
FN:58,(anonymous_2)
FN:60,(anonymous_3)
FN:67,(anonymous_4)
FN:79,(anonymous_5)
FN:85,(anonymous_6)
FNF:7
FNH:7
FNDA:4,(anonymous_0)
FNDA:6,(anonymous_1)
FNDA:6,(anonymous_2)
FNDA:12,(anonymous_3)
FNDA:4,(anonymous_4)
FNDA:2,(anonymous_5)
FNDA:5,(anonymous_6)
DA:3,2
DA:5,2
DA:7,4
DA:10,4
DA:11,4
DA:13,0
DA:16,4
DA:17,4
DA:19,0
DA:22,4
DA:24,4
DA:25,3
DA:26,3
DA:28,2
DA:32,4
DA:33,2
DA:34,2
DA:36,1
DA:40,3
DA:41,0
DA:44,3
DA:45,2
DA:48,3
DA:51,2
DA:52,6
DA:53,6
DA:58,6
DA:60,12
DA:67,2
DA:68,4
DA:69,4
DA:70,4
DA:72,4
DA:73,1
DA:76,4
DA:79,2
DA:80,2
DA:81,2
DA:82,2
DA:85,2
DA:93,5
DA:94,5
DA:95,5
DA:96,5
DA:97,5
DA:98,5
DA:100,5
LF:47
LH:44
BRDA:24,0,0,3
BRDA:24,0,1,1
BRDA:24,1,0,4
BRDA:24,1,1,3
BRDA:32,2,0,2
BRDA:32,2,1,2
BRDA:32,3,0,4
BRDA:32,3,1,2
BRDA:40,4,0,0
BRDA:40,4,1,3
BRDA:44,5,0,2
BRDA:44,5,1,1
BRDA:72,6,0,1
BRDA:72,6,1,3
BRDA:76,7,0,1
BRDA:76,7,1,3
BRF:16
BRH:15
end_of_record
TN:
SF:/Users/krzysztofwitalewski/training/lightswitch/src/lightswitch/serviceObjects/findLocationOfIP.js
FN:5,(anonymous_0)
FN:7,(anonymous_1)
FN:12,(anonymous_2)
FN:18,(anonymous_3)
FN:22,(anonymous_4)
FNF:5
FNH:4
FNDA:1,(anonymous_0)
FNDA:1,(anonymous_1)
FNDA:1,(anonymous_2)
FNDA:0,(anonymous_3)
FNDA:2,(anonymous_4)
DA:3,2
DA:5,2
DA:6,1
DA:7,1
DA:8,1
DA:13,1
DA:14,1
DA:15,1
DA:16,1
DA:18,0
DA:22,2
DA:23,2
DA:24,2
LF:13
LH:12
BRF:0
BRH:0
end_of_record
TN:
SF:/Users/krzysztofwitalewski/training/lightswitch/src/lightswitch/serviceObjects/findLocationOfWifiTowers.js
FN:5,(anonymous_0)
FN:7,(anonymous_1)
FN:20,(anonymous_2)
FN:28,(anonymous_3)
FN:32,(anonymous_4)
FNF:5
FNH:4
FNDA:1,(anonymous_0)
FNDA:1,(anonymous_1)
FNDA:1,(anonymous_2)
FNDA:0,(anonymous_3)
FNDA:2,(anonymous_4)
DA:3,2
DA:5,2
DA:6,1
DA:7,1
DA:8,1
DA:23,1
DA:24,1
DA:25,1
DA:26,1
DA:28,0
DA:32,2
DA:33,2
DA:34,2
LF:13
LH:12
BRF:0
BRH:0
end_of_record
TN:
SF:/Users/krzysztofwitalewski/training/lightswitch/src/lightswitch/serviceObjects/getIP.js
FN:3,(anonymous_0)
FN:5,(anonymous_1)
FN:8,(anonymous_2)
FN:12,(anonymous_3)
FN:16,(anonymous_4)
FNF:5
FNH:5
FNDA:2,(anonymous_0)
FNDA:2,(anonymous_1)
FNDA:1,(anonymous_2)
FNDA:1,(anonymous_3)
FNDA:3,(anonymous_4)
DA:3,2
DA:4,2
DA:5,2
DA:6,2
DA:9,1
DA:10,1
DA:12,1
DA:16,2
DA:17,3
DA:18,3
DA:19,3
LF:11
LH:11
BRF:0
BRH:0
end_of_record
TN:
SF:/Users/krzysztofwitalewski/training/lightswitch/src/lightswitch/serviceObjects/getWifiTowers.js
FN:3,(anonymous_0)
FN:5,(anonymous_1)
FN:6,(anonymous_2)
FN:12,(anonymous_3)
FN:21,(anonymous_4)
FNF:5
FNH:5
FNDA:2,(anonymous_0)
FNDA:2,(anonymous_1)
FNDA:2,(anonymous_2)
FNDA:2,(anonymous_3)
FNDA:3,(anonymous_4)
DA:3,2
DA:4,2
DA:5,2
DA:6,2
DA:7,2
DA:8,1
DA:10,1
DA:11,1
DA:13,2
DA:21,2
DA:22,3
DA:23,3
DA:25,3
LF:13
LH:13
BRDA:7,0,0,1
BRDA:7,0,1,1
BRF:2
BRH:2
end_of_record
TN:
SF:/Users/krzysztofwitalewski/training/lightswitch/src/lightswitch/serviceObjects/performUpdate.js
FN:7,(anonymous_0)
FN:60,(anonymous_1)
FNF:2
FNH:2
FNDA:6,(anonymous_0)
FNDA:7,(anonymous_1)
DA:3,2
DA:5,2
DA:7,2
DA:8,6
DA:9,6
DA:10,6
DA:12,6
DA:14,6
DA:15,6
DA:17,6
DA:18,3
DA:19,3
DA:21,0
DA:25,6
DA:26,6
DA:32,6
DA:38,6
DA:39,6
DA:40,6
DA:42,6
DA:43,6
DA:44,4
DA:45,4
DA:47,2
DA:48,2
DA:52,6
DA:54,0
DA:55,0
DA:56,0
DA:60,2
DA:68,7
DA:69,7
DA:70,7
DA:71,7
DA:72,7
DA:73,7
DA:75,7
LF:37
LH:33
BRDA:17,0,0,3
BRDA:17,0,1,3
BRDA:25,1,0,6
BRDA:25,1,1,0
BRDA:43,2,0,4
BRDA:43,2,1,2
BRDA:43,3,0,6
BRDA:43,3,1,4
BRF:8
BRH:7
end_of_record
TN:
SF:/Users/krzysztofwitalewski/training/lightswitch/src/lightswitch/serviceObjects/scheduleUpdate.js
FN:9,(anonymous_0)
FN:20,(anonymous_1)
FN:22,(anonymous_2)
FN:29,(anonymous_3)
FN:31,(anonymous_4)
FN:35,(anonymous_5)
FN:40,(anonymous_6)
FN:45,(anonymous_7)
FN:52,(anonymous_8)
FNF:9
FNH:6
FNDA:1,(anonymous_0)
FNDA:1,(anonymous_1)
FNDA:1,(anonymous_2)
FNDA:1,(anonymous_3)
FNDA:1,(anonymous_4)
FNDA:0,(anonymous_5)
FNDA:0,(anonymous_6)
FNDA:0,(anonymous_7)
FNDA:2,(anonymous_8)
DA:7,2
DA:9,2
DA:10,1
DA:11,1
DA:12,1
DA:14,1
DA:15,1
DA:16,0
DA:17,0
DA:20,1
DA:21,1
DA:23,1
DA:30,1
DA:32,1
DA:33,1
DA:36,0
DA:37,0
DA:41,0
DA:42,0
DA:46,0
DA:47,0
DA:52,2
DA:53,2
DA:54,2
DA:55,2
DA:56,2
DA:57,2
DA:58,2
DA:59,2
DA:60,2
LF:30
LH:22
BRDA:15,0,0,0
BRDA:15,0,1,1
BRF:2
BRH:1
end_of_record
TN:
SF:/Users/krzysztofwitalewski/training/lightswitch/src/lightswitch/state/index.js
FN:12,(anonymous_0)
FN:19,(anonymous_1)
FN:24,(anonymous_2)
FN:29,(anonymous_3)
FN:38,(anonymous_4)
FNF:5
FNH:3
FNDA:2,(anonymous_0)
FNDA:1,(anonymous_1)
FNDA:0,(anonymous_2)
FNDA:1,(anonymous_3)
FNDA:0,(anonymous_4)
DA:3,2
DA:7,2
DA:9,2
DA:10,2
DA:12,2
DA:13,2
DA:14,2
DA:15,0
DA:19,2
DA:20,1
DA:21,0
DA:24,2
DA:25,0
DA:26,0
DA:29,2
DA:30,1
DA:31,0
DA:32,0
DA:33,0
DA:35,0
DA:38,2
DA:39,0
DA:40,0
DA:41,0
DA:42,0
DA:48,2
LF:26
LH:14
BRDA:13,0,0,2
BRDA:13,0,1,0
BRDA:32,1,0,0
BRDA:32,1,1,0
BRF:4
BRH:1
end_of_record
TN:
SF:/Users/krzysztofwitalewski/training/lightswitch/src/lightswitch/util/constants.js
FNF:0
FNH:0
DA:1,5
DA:3,5
DA:4,5
DA:6,5
DA:8,5
DA:9,5
DA:10,5
DA:12,5
DA:21,5
LF:9
LH:9
BRF:0
BRH:0
end_of_record
TN:
SF:/Users/krzysztofwitalewski/training/lightswitch/src/lightswitch/util/logger.js
FN:10,(anonymous_0)
FNF:1
FNH:0
FNDA:0,(anonymous_0)
DA:1,12
DA:3,12
DA:10,0
DA:19,12
LF:4
LH:3
BRF:0
BRH:0
end_of_record
